2016-02-20 15:17:21,993 [Worker-0] INFO  o.e.m.c.i.p.ProjectConfigurationManager - Collecting project info '/pom.xml' C:\Users\venka\Desktop\project\online-exam\pom.xml
2016-02-20 15:17:24,567 [Worker-0] INFO  o.e.m.c.i.l.LifecycleMappingFactory - Using org.maven.ide.eclipse.wtp.WarLifecycleMapping lifecycle mapping for MavenProject: com.bellinfo.exam:online-exam:0.0.1-SNAPSHOT @ C:\Users\venka\Desktop\project\online-exam\pom.xml.
2016-02-20 15:17:25,676 [Worker-0] INFO  o.e.m.j.i.AbstractJavaProjectConfigurator - Adding source folder /online-exam/src/main/java
2016-02-20 15:17:25,676 [Worker-0] INFO  o.e.m.j.i.AbstractJavaProjectConfigurator - Adding resource folder /online-exam/src/main/resources
2016-02-20 15:17:25,677 [Worker-0] INFO  o.e.m.j.i.AbstractJavaProjectConfigurator - Adding source folder /online-exam/src/test/java
2016-02-20 15:17:28,972 [Worker-0] INFO  o.e.m.c.i.p.ProjectConfigurationManager - Imported and configured 1 project(s) in 6 sec
2016-02-20 15:17:29,986 [Worker-3] WARN  o.e.m.c.i.embedder.EclipseLogger - Using platform encoding (Cp1252 actually) to copy filtered resources, i.e. build is platform dependent!
2016-02-20 15:17:30,000 [Worker-3] INFO  o.e.m.c.i.embedder.EclipseLogger - Copying 0 resource
2016-02-20 15:17:30,003 [Worker-3] WARN  o.e.m.c.i.embedder.EclipseLogger - Using platform encoding (Cp1252 actually) to copy filtered resources, i.e. build is platform dependent!
2016-02-20 15:17:30,008 [Worker-3] INFO  o.e.m.c.i.embedder.EclipseLogger - skip non existing resourceDirectory C:\Users\venka\Desktop\project\online-exam\src\test\resources
2016-02-20 15:17:32,535 [Worker-19] WARN  o.e.m.c.i.embedder.EclipseLogger - Using platform encoding (Cp1252 actually) to copy filtered resources, i.e. build is platform dependent!
2016-02-20 15:17:32,551 [Worker-19] INFO  o.e.m.c.i.embedder.EclipseLogger - Copying 0 resource
2016-02-20 15:17:32,554 [Worker-19] WARN  o.e.m.c.i.embedder.EclipseLogger - Using platform encoding (Cp1252 actually) to copy filtered resources, i.e. build is platform dependent!
2016-02-20 15:17:32,559 [Worker-19] INFO  o.e.m.c.i.embedder.EclipseLogger - skip non existing resourceDirectory C:\Users\venka\Desktop\project\online-exam\src\test\resources
2016-02-20 15:18:52,708 [Worker-9] INFO  o.e.m.c.i.l.LifecycleMappingFactory - Using org.maven.ide.eclipse.wtp.WarLifecycleMapping lifecycle mapping for MavenProject: com.bellinfo.exam:online-exam:0.0.1-SNAPSHOT @ C:\Users\venka\Desktop\project\online-exam\pom.xml.
2016-02-20 15:18:54,821 [Worker-9] WARN  o.e.m.c.i.embedder.EclipseLogger - Using platform encoding (Cp1252 actually) to copy filtered resources, i.e. build is platform dependent!
2016-02-20 15:18:54,829 [Worker-9] INFO  o.e.m.c.i.embedder.EclipseLogger - Copying 0 resource
2016-02-20 15:18:54,831 [Worker-9] WARN  o.e.m.c.i.embedder.EclipseLogger - Using platform encoding (Cp1252 actually) to copy filtered resources, i.e. build is platform dependent!
2016-02-20 15:18:54,834 [Worker-9] INFO  o.e.m.c.i.embedder.EclipseLogger - skip non existing resourceDirectory C:\Users\venka\Desktop\project\online-exam\src\test\resources
2016-02-20 15:18:54,835 [Worker-9] INFO  o.e.m.w.i.f.ResourceFilteringBuildParticipant - Changed resources require a complete clean of filtered resources of online-exam
2016-02-20 15:18:54,838 [Worker-9] INFO  o.e.m.w.i.f.ResourceFilteringBuildParticipant - Executing resource filtering for online-exam
2016-02-20 15:18:54,843 [Worker-9] WARN  o.e.m.c.i.embedder.EclipseLogger - Using platform encoding (Cp1252 actually) to copy filtered resources, i.e. build is platform dependent!
2016-02-20 15:18:56,478 [Worker-3] WARN  o.e.m.c.i.embedder.EclipseLogger - Using platform encoding (Cp1252 actually) to copy filtered resources, i.e. build is platform dependent!
2016-02-20 15:18:56,484 [Worker-3] INFO  o.e.m.c.i.embedder.EclipseLogger - Copying 0 resource
2016-02-20 15:18:56,493 [Worker-3] WARN  o.e.m.c.i.embedder.EclipseLogger - Using platform encoding (Cp1252 actually) to copy filtered resources, i.e. build is platform dependent!
2016-02-20 15:18:56,500 [Worker-3] INFO  o.e.m.c.i.embedder.EclipseLogger - skip non existing resourceDirectory C:\Users\venka\Desktop\project\online-exam\src\test\resources
2016-02-20 15:19:16,374 [Worker-21] WARN  o.e.m.c.i.embedder.EclipseLogger - Using platform encoding (Cp1252 actually) to copy filtered resources, i.e. build is platform dependent!
2016-02-20 15:19:16,387 [Worker-21] INFO  o.e.m.c.i.embedder.EclipseLogger - Copying 0 resource
2016-02-20 15:19:16,395 [Worker-21] WARN  o.e.m.c.i.embedder.EclipseLogger - Using platform encoding (Cp1252 actually) to copy filtered resources, i.e. build is platform dependent!
2016-02-20 15:19:16,403 [Worker-21] INFO  o.e.m.c.i.embedder.EclipseLogger - skip non existing resourceDirectory C:\Users\venka\Desktop\project\online-exam\src\test\resources
2016-02-20 15:19:24,590 [Worker-20] INFO  o.e.m.i.launch.MavenLaunchDelegate - C:\Users\venka\Desktop\project\online-exam
2016-02-20 15:19:24,591 [Worker-20] INFO  o.e.m.i.launch.MavenLaunchDelegate -  mvn  -B install
2016-02-20 15:19:32,076 [Worker-22] WARN  o.e.m.c.i.embedder.EclipseLogger - Using platform encoding (Cp1252 actually) to copy filtered resources, i.e. build is platform dependent!
2016-02-20 15:19:32,094 [Worker-22] INFO  o.e.m.c.i.embedder.EclipseLogger - Copying 0 resource
2016-02-20 15:19:32,107 [Worker-22] WARN  o.e.m.c.i.embedder.EclipseLogger - Using platform encoding (Cp1252 actually) to copy filtered resources, i.e. build is platform dependent!
2016-02-20 15:19:32,115 [Worker-22] INFO  o.e.m.c.i.embedder.EclipseLogger - skip non existing resourceDirectory C:\Users\venka\Desktop\project\online-exam\src\test\resources
2016-02-20 15:20:04,971 [Worker-9] WARN  o.e.m.c.i.embedder.EclipseLogger - Using platform encoding (Cp1252 actually) to copy filtered resources, i.e. build is platform dependent!
2016-02-20 15:20:04,989 [Worker-9] INFO  o.e.m.c.i.embedder.EclipseLogger - Copying 0 resource
2016-02-20 15:20:04,990 [Worker-9] WARN  o.e.m.c.i.embedder.EclipseLogger - Using platform encoding (Cp1252 actually) to copy filtered resources, i.e. build is platform dependent!
2016-02-20 15:20:04,998 [Worker-9] INFO  o.e.m.c.i.embedder.EclipseLogger - skip non existing resourceDirectory C:\Users\venka\Desktop\project\online-exam\src\test\resources
2016-02-20 15:20:53,388 [Worker-18] WARN  o.e.m.c.i.embedder.EclipseLogger - Using platform encoding (Cp1252 actually) to copy filtered resources, i.e. build is platform dependent!
2016-02-20 15:20:53,483 [Worker-18] INFO  o.e.m.c.i.embedder.EclipseLogger - Copying 0 resource
2016-02-20 15:20:53,490 [Worker-18] WARN  o.e.m.c.i.embedder.EclipseLogger - Using platform encoding (Cp1252 actually) to copy filtered resources, i.e. build is platform dependent!
2016-02-20 15:20:53,545 [Worker-18] INFO  o.e.m.c.i.embedder.EclipseLogger - skip non existing resourceDirectory C:\Users\venka\Desktop\project\online-exam\src\test\resources
2016-02-20 15:21:14,292 [Worker-19] WARN  o.e.m.c.i.embedder.EclipseLogger - Using platform encoding (Cp1252 actually) to copy filtered resources, i.e. build is platform dependent!
2016-02-20 15:21:14,303 [Worker-19] INFO  o.e.m.c.i.embedder.EclipseLogger - Copying 0 resource
2016-02-20 15:21:14,306 [Worker-19] WARN  o.e.m.c.i.embedder.EclipseLogger - Using platform encoding (Cp1252 actually) to copy filtered resources, i.e. build is platform dependent!
2016-02-20 15:21:14,315 [Worker-19] INFO  o.e.m.c.i.embedder.EclipseLogger - skip non existing resourceDirectory C:\Users\venka\Desktop\project\online-exam\src\test\resources
2016-02-20 15:21:58,785 [Worker-0] WARN  o.e.m.c.i.embedder.EclipseLogger - Using platform encoding (Cp1252 actually) to copy filtered resources, i.e. build is platform dependent!
2016-02-20 15:21:58,793 [Worker-0] INFO  o.e.m.c.i.embedder.EclipseLogger - Copying 0 resource
2016-02-20 15:21:58,800 [Worker-0] WARN  o.e.m.c.i.embedder.EclipseLogger - Using platform encoding (Cp1252 actually) to copy filtered resources, i.e. build is platform dependent!
2016-02-20 15:21:58,808 [Worker-0] INFO  o.e.m.c.i.embedder.EclipseLogger - skip non existing resourceDirectory C:\Users\venka\Desktop\project\online-exam\src\test\resources
2016-02-20 15:22:58,984 [Worker-20] WARN  o.e.m.c.i.embedder.EclipseLogger - Using platform encoding (Cp1252 actually) to copy filtered resources, i.e. build is platform dependent!
2016-02-20 15:22:58,997 [Worker-20] INFO  o.e.m.c.i.embedder.EclipseLogger - Copying 0 resource
2016-02-20 15:22:59,000 [Worker-20] WARN  o.e.m.c.i.embedder.EclipseLogger - Using platform encoding (Cp1252 actually) to copy filtered resources, i.e. build is platform dependent!
2016-02-20 15:22:59,012 [Worker-20] INFO  o.e.m.c.i.embedder.EclipseLogger - skip non existing resourceDirectory C:\Users\venka\Desktop\project\online-exam\src\test\resources
2016-02-20 15:23:55,170 [Worker-19] WARN  o.e.m.c.i.embedder.EclipseLogger - Using platform encoding (Cp1252 actually) to copy filtered resources, i.e. build is platform dependent!
2016-02-20 15:23:55,194 [Worker-19] INFO  o.e.m.c.i.embedder.EclipseLogger - Copying 2 resources
2016-02-20 15:23:55,239 [Worker-19] WARN  o.e.m.c.i.embedder.EclipseLogger - Using platform encoding (Cp1252 actually) to copy filtered resources, i.e. build is platform dependent!
2016-02-20 15:23:55,244 [Worker-19] INFO  o.e.m.c.i.embedder.EclipseLogger - skip non existing resourceDirectory C:\Users\venka\Desktop\project\online-exam\src\test\resources
2016-02-20 15:25:05,075 [Worker-3] WARN  o.e.m.c.i.embedder.EclipseLogger - Using platform encoding (Cp1252 actually) to copy filtered resources, i.e. build is platform dependent!
2016-02-20 15:25:05,079 [Worker-3] INFO  o.e.m.c.i.embedder.EclipseLogger - Copying 0 resource
2016-02-20 15:25:05,080 [Worker-3] WARN  o.e.m.c.i.embedder.EclipseLogger - Using platform encoding (Cp1252 actually) to copy filtered resources, i.e. build is platform dependent!
2016-02-20 15:25:05,084 [Worker-3] INFO  o.e.m.c.i.embedder.EclipseLogger - skip non existing resourceDirectory C:\Users\venka\Desktop\project\online-exam\src\test\resources
2016-02-20 15:25:09,219 [Worker-3] WARN  o.e.m.c.i.embedder.EclipseLogger - Using platform encoding (Cp1252 actually) to copy filtered resources, i.e. build is platform dependent!
2016-02-20 15:25:09,241 [Worker-3] INFO  o.e.m.c.i.embedder.EclipseLogger - Copying 0 resource
2016-02-20 15:25:09,251 [Worker-3] WARN  o.e.m.c.i.embedder.EclipseLogger - Using platform encoding (Cp1252 actually) to copy filtered resources, i.e. build is platform dependent!
2016-02-20 15:25:09,260 [Worker-3] INFO  o.e.m.c.i.embedder.EclipseLogger - skip non existing resourceDirectory C:\Users\venka\Desktop\project\online-exam\src\test\resources
2016-02-20 15:26:29,249 [Worker-19] WARN  o.e.m.c.i.embedder.EclipseLogger - Using platform encoding (Cp1252 actually) to copy filtered resources, i.e. build is platform dependent!
2016-02-20 15:26:29,263 [Worker-19] INFO  o.e.m.c.i.embedder.EclipseLogger - Copying 2 resources
2016-02-20 15:26:29,266 [Worker-19] WARN  o.e.m.c.i.embedder.EclipseLogger - Using platform encoding (Cp1252 actually) to copy filtered resources, i.e. build is platform dependent!
2016-02-20 15:26:29,274 [Worker-19] INFO  o.e.m.c.i.embedder.EclipseLogger - skip non existing resourceDirectory C:\Users\venka\Desktop\project\online-exam\src\test\resources
2016-02-20 15:26:39,340 [Worker-23] WARN  o.e.m.c.i.embedder.EclipseLogger - Using platform encoding (Cp1252 actually) to copy filtered resources, i.e. build is platform dependent!
2016-02-20 15:26:39,349 [Worker-23] INFO  o.e.m.c.i.embedder.EclipseLogger - Copying 2 resources
2016-02-20 15:26:39,355 [Worker-23] WARN  o.e.m.c.i.embedder.EclipseLogger - Using platform encoding (Cp1252 actually) to copy filtered resources, i.e. build is platform dependent!
2016-02-20 15:26:39,359 [Worker-23] INFO  o.e.m.c.i.embedder.EclipseLogger - skip non existing resourceDirectory C:\Users\venka\Desktop\project\online-exam\src\test\resources
2016-02-20 15:36:58,810 [Worker-28] WARN  o.e.m.c.i.embedder.EclipseLogger - Using platform encoding (Cp1252 actually) to copy filtered resources, i.e. build is platform dependent!
2016-02-20 15:36:58,819 [Worker-28] INFO  o.e.m.c.i.embedder.EclipseLogger - Copying 0 resource
2016-02-20 15:36:58,822 [Worker-28] WARN  o.e.m.c.i.embedder.EclipseLogger - Using platform encoding (Cp1252 actually) to copy filtered resources, i.e. build is platform dependent!
2016-02-20 15:36:58,835 [Worker-28] INFO  o.e.m.c.i.embedder.EclipseLogger - skip non existing resourceDirectory C:\Users\venka\Desktop\project\online-exam\src\test\resources
2016-02-20 15:37:54,336 [Worker-28] WARN  o.e.m.c.i.embedder.EclipseLogger - Using platform encoding (Cp1252 actually) to copy filtered resources, i.e. build is platform dependent!
2016-02-20 15:37:54,349 [Worker-28] INFO  o.e.m.c.i.embedder.EclipseLogger - Copying 2 resources
2016-02-20 15:37:54,359 [Worker-28] WARN  o.e.m.c.i.embedder.EclipseLogger - Using platform encoding (Cp1252 actually) to copy filtered resources, i.e. build is platform dependent!
2016-02-20 15:37:54,364 [Worker-28] INFO  o.e.m.c.i.embedder.EclipseLogger - skip non existing resourceDirectory C:\Users\venka\Desktop\project\online-exam\src\test\resources
2016-02-20 15:38:41,266 [Worker-26] WARN  o.e.m.c.i.embedder.EclipseLogger - Using platform encoding (Cp1252 actually) to copy filtered resources, i.e. build is platform dependent!
2016-02-20 15:38:41,272 [Worker-26] INFO  o.e.m.c.i.embedder.EclipseLogger - Copying 2 resources
2016-02-20 15:38:41,274 [Worker-26] WARN  o.e.m.c.i.embedder.EclipseLogger - Using platform encoding (Cp1252 actually) to copy filtered resources, i.e. build is platform dependent!
2016-02-20 15:38:41,279 [Worker-26] INFO  o.e.m.c.i.embedder.EclipseLogger - skip non existing resourceDirectory C:\Users\venka\Desktop\project\online-exam\src\test\resources
2016-02-20 15:38:53,535 [Worker-30] WARN  o.e.m.c.i.embedder.EclipseLogger - Using platform encoding (Cp1252 actually) to copy filtered resources, i.e. build is platform dependent!
2016-02-20 15:38:53,541 [Worker-30] INFO  o.e.m.c.i.embedder.EclipseLogger - Copying 2 resources
2016-02-20 15:38:53,546 [Worker-30] WARN  o.e.m.c.i.embedder.EclipseLogger - Using platform encoding (Cp1252 actually) to copy filtered resources, i.e. build is platform dependent!
2016-02-20 15:38:53,550 [Worker-30] INFO  o.e.m.c.i.embedder.EclipseLogger - skip non existing resourceDirectory C:\Users\venka\Desktop\project\online-exam\src\test\resources
2016-02-20 15:39:08,555 [Worker-31] WARN  o.e.m.c.i.embedder.EclipseLogger - Using platform encoding (Cp1252 actually) to copy filtered resources, i.e. build is platform dependent!
2016-02-20 15:39:08,567 [Worker-31] INFO  o.e.m.c.i.embedder.EclipseLogger - Copying 2 resources
2016-02-20 15:39:08,569 [Worker-31] WARN  o.e.m.c.i.embedder.EclipseLogger - Using platform encoding (Cp1252 actually) to copy filtered resources, i.e. build is platform dependent!
2016-02-20 15:39:08,576 [Worker-31] INFO  o.e.m.c.i.embedder.EclipseLogger - skip non existing resourceDirectory C:\Users\venka\Desktop\project\online-exam\src\test\resources
2016-02-20 15:40:13,101 [Worker-31] WARN  o.e.m.c.i.embedder.EclipseLogger - Using platform encoding (Cp1252 actually) to copy filtered resources, i.e. build is platform dependent!
2016-02-20 15:40:13,120 [Worker-31] INFO  o.e.m.c.i.embedder.EclipseLogger - Copying 0 resource
2016-02-20 15:40:13,131 [Worker-31] WARN  o.e.m.c.i.embedder.EclipseLogger - Using platform encoding (Cp1252 actually) to copy filtered resources, i.e. build is platform dependent!
2016-02-20 15:40:13,140 [Worker-31] INFO  o.e.m.c.i.embedder.EclipseLogger - skip non existing resourceDirectory C:\Users\venka\Desktop\project\online-exam\src\test\resources
2016-02-20 15:45:21,864 [Worker-30] WARN  o.e.m.c.i.embedder.EclipseLogger - Using platform encoding (Cp1252 actually) to copy filtered resources, i.e. build is platform dependent!
2016-02-20 15:45:21,868 [Worker-30] INFO  o.e.m.c.i.embedder.EclipseLogger - Copying 0 resource
2016-02-20 15:45:21,869 [Worker-30] WARN  o.e.m.c.i.embedder.EclipseLogger - Using platform encoding (Cp1252 actually) to copy filtered resources, i.e. build is platform dependent!
2016-02-20 15:45:21,881 [Worker-30] INFO  o.e.m.c.i.embedder.EclipseLogger - skip non existing resourceDirectory C:\Users\venka\Desktop\project\online-exam\src\test\resources
2016-02-20 15:47:06,248 [Worker-26] WARN  o.e.m.c.i.embedder.EclipseLogger - Using platform encoding (Cp1252 actually) to copy filtered resources, i.e. build is platform dependent!
2016-02-20 15:47:06,257 [Worker-26] INFO  o.e.m.c.i.embedder.EclipseLogger - Copying 0 resource
2016-02-20 15:47:06,262 [Worker-26] WARN  o.e.m.c.i.embedder.EclipseLogger - Using platform encoding (Cp1252 actually) to copy filtered resources, i.e. build is platform dependent!
2016-02-20 15:47:06,267 [Worker-26] INFO  o.e.m.c.i.embedder.EclipseLogger - skip non existing resourceDirectory C:\Users\venka\Desktop\project\online-exam\src\test\resources
2016-02-20 15:49:21,346 [Worker-34] WARN  o.e.m.c.i.embedder.EclipseLogger - Using platform encoding (Cp1252 actually) to copy filtered resources, i.e. build is platform dependent!
2016-02-20 15:49:21,355 [Worker-34] INFO  o.e.m.c.i.embedder.EclipseLogger - Copying 0 resource
2016-02-20 15:49:21,358 [Worker-34] WARN  o.e.m.c.i.embedder.EclipseLogger - Using platform encoding (Cp1252 actually) to copy filtered resources, i.e. build is platform dependent!
2016-02-20 15:49:21,366 [Worker-34] INFO  o.e.m.c.i.embedder.EclipseLogger - skip non existing resourceDirectory C:\Users\venka\Desktop\project\online-exam\src\test\resources
2016-02-20 15:49:37,340 [Worker-34] WARN  o.e.m.c.i.embedder.EclipseLogger - Using platform encoding (Cp1252 actually) to copy filtered resources, i.e. build is platform dependent!
2016-02-20 15:49:37,360 [Worker-34] INFO  o.e.m.c.i.embedder.EclipseLogger - Copying 0 resource
2016-02-20 15:49:37,367 [Worker-34] WARN  o.e.m.c.i.embedder.EclipseLogger - Using platform encoding (Cp1252 actually) to copy filtered resources, i.e. build is platform dependent!
2016-02-20 15:49:37,371 [Worker-34] INFO  o.e.m.c.i.embedder.EclipseLogger - skip non existing resourceDirectory C:\Users\venka\Desktop\project\online-exam\src\test\resources
2016-02-20 15:49:46,745 [Worker-34] WARN  o.e.m.c.i.embedder.EclipseLogger - Using platform encoding (Cp1252 actually) to copy filtered resources, i.e. build is platform dependent!
2016-02-20 15:49:46,749 [Worker-34] INFO  o.e.m.c.i.embedder.EclipseLogger - Copying 0 resource
2016-02-20 15:49:46,750 [Worker-34] WARN  o.e.m.c.i.embedder.EclipseLogger - Using platform encoding (Cp1252 actually) to copy filtered resources, i.e. build is platform dependent!
2016-02-20 15:49:46,755 [Worker-34] INFO  o.e.m.c.i.embedder.EclipseLogger - skip non existing resourceDirectory C:\Users\venka\Desktop\project\online-exam\src\test\resources
2016-02-20 16:01:22,730 [Worker-41] WARN  o.e.m.c.i.embedder.EclipseLogger - Using platform encoding (Cp1252 actually) to copy filtered resources, i.e. build is platform dependent!
2016-02-20 16:01:22,736 [Worker-41] INFO  o.e.m.c.i.embedder.EclipseLogger - Copying 2 resources
2016-02-20 16:01:22,740 [Worker-41] WARN  o.e.m.c.i.embedder.EclipseLogger - Using platform encoding (Cp1252 actually) to copy filtered resources, i.e. build is platform dependent!
2016-02-20 16:01:22,744 [Worker-41] INFO  o.e.m.c.i.embedder.EclipseLogger - skip non existing resourceDirectory C:\Users\venka\Desktop\project\online-exam\src\test\resources
